<?xml version="1.0" encoding="UTF-8"?>
<!-- Generated by org.testng.reporters.JUnitXMLReporter -->
<testsuite ignored="0" hostname="Thomas" failures="1" tests="1" name="Registered User Test Cases" time="168.292" errors="0" timestamp="2023-05-16T09:53:28 AST">
  <testcase classname="com.applab.test.MoCIMobileApp.testScripts.android.TC03_PopularServices_Registered_User" name="testPopularServices" time="99.409">
    <failure type="junit.framework.ComparisonFailure" message="expected:&amp;lt;...New...&amp;gt; but was:&amp;lt;...Initiative...&amp;gt;">
      <![CDATA[junit.framework.ComparisonFailure: expected:<...New...> but was:<...Initiative...>
at junit.framework.Assert.assertEquals(Assert.java:81)
at junit.framework.Assert.assertEquals(Assert.java:87)
at com.applab.test.MoCIApp.pageObjects.android.HomePageObjects.testGeneralServices(HomePageObjects.java:149)
at com.applab.test.MoCIMobileApp.testScripts.android.TC03_PopularServices_Registered_User.testPopularServices(TC03_PopularServices_Registered_User.java:21)
at java.base/java.util.ArrayList.forEach(ArrayList.java:1511)
... Removed 27 stack frames]]>
    </failure>
  </testcase> <!-- testPopularServices -->
</testsuite> <!-- Registered User Test Cases -->
