<?xml version="1.0" encoding="UTF-8"?>
<testsuite xmlns:xsi="http://www.w3.org/2001/XMLSchema-instance" xsi:noNamespaceSchemaLocation="https://maven.apache.org/surefire/maven-surefire-plugin/xsd/surefire-test-report-3.0.xsd" version="3.0" name="com.applab.test.MoCIMobileApp.testScripts.android.TestSuite" time="65.622" tests="4" errors="4" skipped="0" failures="0">
  <properties>
[...]
</properties>
  <testcase name="" classname="com.applab.test.MoCIMobileApp.testScripts.android.TestPopularServicesGuestUser" time="65.406">
    <error message="Could not start a new session. Response code 500. Message: An unknown server-side error occurred while processing the command. Original error: Error getting device API level. Original error: Error executing adbExec. Original error: &apos;Command &apos;C:\\Users\\thoma\\AppData\\Local\\Android\\Sdk\\platform-tools\\adb.exe -P 5037 -s RF8TB0QC1TJ shell getprop ro.build.version.sdk&apos; exited with code 1&apos;; Command output: adb.exe: device unauthorized.&#10;This adb server&apos;s $ADB_VENDOR_KEYS is not set&#10;Try &apos;adb kill-server&apos; if that seems wrong.&#10;Otherwise check for a confirmation dialog on your device.&#10; &#10;Host info: host: &apos;THOMAS&apos;, ip: &apos;192.168.1.244&apos;&#10;Build info: version: &apos;4.9.1&apos;, revision: &apos;eb2032df7f&apos;&#10;System info: os.name: &apos;Windows 10&apos;, os.arch: &apos;amd64&apos;, os.version: &apos;10.0&apos;, java.version: &apos;15.0.2&apos;&#10;Driver info: com.microsoft.appcenter.appium.EnhancedAndroidDriver&#10;Command: [null, newSession {capabilities=[{appium:app=C://Users//thoma//eclipse-workspace//MoCIMobileApp_Appcenter_Integration//app-development-debug-17-05.apk, appium:automationName=UIAutomator2, appium:autoGrantPermissions=true, appium:deviceName=RF8TB0QC1TJ, platformName=ANDROID, appium:resetKeyboard=true, appium:unicodeKeyboard=false}], desiredCapabilities=Capabilities {app: C://Users//thoma//eclipse-w..., appium:automationName: UIAutomator2, autoGrantPermissions: true, deviceName: RF8TB0QC1TJ, platformName: ANDROID, resetKeyboard: true, unicodeKeyboard: false}}]&#10;Capabilities {app: C://Users//thoma//eclipse-w..., appium:automationName: UIAutomator2, autoGrantPermissions: true, deviceName: RF8TB0QC1TJ, platformName: ANDROID, resetKeyboard: true, unicodeKeyboard: false}" type="org.openqa.selenium.SessionNotCreatedException"><![CDATA[org.openqa.selenium.SessionNotCreatedException: 
Could not start a new session. Response code 500. Message: An unknown server-side error occurred while processing the command. Original error: Error getting device API level. Original error: Error executing adbExec. Original error: 'Command 'C:\\Users\\thoma\\AppData\\Local\\Android\\Sdk\\platform-tools\\adb.exe -P 5037 -s RF8TB0QC1TJ shell getprop ro.build.version.sdk' exited with code 1'; Command output: adb.exe: device unauthorized.
This adb server's $ADB_VENDOR_KEYS is not set
Try 'adb kill-server' if that seems wrong.
Otherwise check for a confirmation dialog on your device.
 
Host info: host: 'THOMAS', ip: '192.168.1.244'
Build info: version: '4.9.1', revision: 'eb2032df7f'
System info: os.name: 'Windows 10', os.arch: 'amd64', os.version: '10.0', java.version: '15.0.2'
Driver info: com.microsoft.appcenter.appium.EnhancedAndroidDriver
Command: [null, newSession {capabilities=[{appium:app=C://Users//thoma//eclipse-workspace//MoCIMobileApp_Appcenter_Integration//app-development-debug-17-05.apk, appium:automationName=UIAutomator2, appium:autoGrantPermissions=true, appium:deviceName=RF8TB0QC1TJ, platformName=ANDROID, appium:resetKeyboard=true, appium:unicodeKeyboard=false}], desiredCapabilities=Capabilities {app: C://Users//thoma//eclipse-w..., appium:automationName: UIAutomator2, autoGrantPermissions: true, deviceName: RF8TB0QC1TJ, platformName: ANDROID, resetKeyboard: true, unicodeKeyboard: false}}]
Capabilities {app: C://Users//thoma//eclipse-w..., appium:automationName: UIAutomator2, autoGrantPermissions: true, deviceName: RF8TB0QC1TJ, platformName: ANDROID, resetKeyboard: true, unicodeKeyboard: false}
	at org.openqa.selenium.remote.ProtocolHandshake.createSession(ProtocolHandshake.java:136)
	at java.base/jdk.internal.reflect.NativeMethodAccessorImpl.invoke0(Native Method)
	at java.base/jdk.internal.reflect.NativeMethodAccessorImpl.invoke(NativeMethodAccessorImpl.java:64)
	at java.base/jdk.internal.reflect.DelegatingMethodAccessorImpl.invoke(DelegatingMethodAccessorImpl.java:43)
	at java.base/java.lang.reflect.Method.invoke(Method.java:564)
	at io.appium.java_client.remote.AppiumProtocolHandshake.createSession(AppiumProtocolHandshake.java:133)
	at io.appium.java_client.remote.AppiumProtocolHandshake.createSession(AppiumProtocolHandshake.java:102)
	at io.appium.java_client.remote.AppiumCommandExecutor.createSession(AppiumCommandExecutor.java:182)
	at io.appium.java_client.remote.AppiumCommandExecutor.execute(AppiumCommandExecutor.java:250)
	at org.openqa.selenium.remote.RemoteWebDriver.execute(RemoteWebDriver.java:543)
	at io.appium.java_client.AppiumDriver.startSession(AppiumDriver.java:274)
	at org.openqa.selenium.remote.RemoteWebDriver.<init>(RemoteWebDriver.java:157)
	at io.appium.java_client.AppiumDriver.<init>(AppiumDriver.java:89)
	at io.appium.java_client.AppiumDriver.<init>(AppiumDriver.java:101)
	at io.appium.java_client.android.AndroidDriver.<init>(AndroidDriver.java:113)
	at com.microsoft.appcenter.appium.EnhancedAndroidDriver.<init>(EnhancedAndroidDriver.java:17)
	at com.microsoft.appcenter.appium.LocalProvider.createAndroidDriver(LocalProvider.java:20)
	at com.microsoft.appcenter.appium.Factory.createAndroidDriver(Factory.java:51)
	at com.applab.test.MoCIMobileApp.testUtils.AndroidBaseClass.ConfigureAppium(AndroidBaseClass.java:42)
	at java.base/jdk.internal.reflect.NativeMethodAccessorImpl.invoke0(Native Method)
	at java.base/jdk.internal.reflect.NativeMethodAccessorImpl.invoke(NativeMethodAccessorImpl.java:64)
	at java.base/jdk.internal.reflect.DelegatingMethodAccessorImpl.invoke(DelegatingMethodAccessorImpl.java:43)
	at java.base/java.lang.reflect.Method.invoke(Method.java:564)
	at org.junit.runners.model.FrameworkMethod$1.runReflectiveCall(FrameworkMethod.java:59)
	at org.junit.internal.runners.model.ReflectiveCallable.run(ReflectiveCallable.java:12)
	at org.junit.runners.model.FrameworkMethod.invokeExplosively(FrameworkMethod.java:56)
	at org.junit.internal.runners.statements.RunBefores.invokeMethod(RunBefores.java:33)
	at org.junit.internal.runners.statements.RunBefores.evaluate(RunBefores.java:24)
	at org.junit.internal.runners.statements.RunAfters.evaluate(RunAfters.java:27)
	at org.junit.runners.ParentRunner$3.evaluate(ParentRunner.java:306)
	at org.junit.runners.ParentRunner.run(ParentRunner.java:413)
	at org.junit.runners.Suite.runChild(Suite.java:128)
	at org.junit.runners.Suite.runChild(Suite.java:27)
	at org.junit.runners.ParentRunner$4.run(ParentRunner.java:331)
	at org.junit.runners.ParentRunner$1.schedule(ParentRunner.java:79)
	at org.junit.runners.ParentRunner.runChildren(ParentRunner.java:329)
	at org.junit.runners.ParentRunner.access$100(ParentRunner.java:66)
	at org.junit.runners.ParentRunner$2.evaluate(ParentRunner.java:293)
	at org.junit.runners.ParentRunner$3.evaluate(ParentRunner.java:306)
	at org.junit.runners.ParentRunner.run(ParentRunner.java:413)
	at org.apache.maven.surefire.junit4.JUnit4Provider.execute(JUnit4Provider.java:316)
	at org.apache.maven.surefire.junit4.JUnit4Provider.executeWithRerun(JUnit4Provider.java:240)
	at org.apache.maven.surefire.junit4.JUnit4Provider.executeTestSet(JUnit4Provider.java:214)
	at org.apache.maven.surefire.junit4.JUnit4Provider.invoke(JUnit4Provider.java:155)
	at org.apache.maven.surefire.booter.ForkedBooter.runSuitesInProcess(ForkedBooter.java:385)
	at org.apache.maven.surefire.booter.ForkedBooter.execute(ForkedBooter.java:162)
	at org.apache.maven.surefire.booter.ForkedBooter.run(ForkedBooter.java:507)
	at org.apache.maven.surefire.booter.ForkedBooter.main(ForkedBooter.java:495)
]]></error>
    <system-out><![CDATA[WARN Appium Appium encountered 10 warnings while validating drivers found in manifest C:\Users\thoma\node_modules\.cache\appium\extensions.yaml
WARN Appium Driver "fake" has 1 potential problem: 
WARN Appium   - Driver "fake" (package `appium-fake-driver`) may be incompatible with the current version of Appium (v2.0.0-beta.66) due to an invalid or missing peer dependency on Appium. Please ask the developer of `appium-fake-driver` to add a peer dependency on `^appium@2.0.0-beta.66`.
WARN Appium Driver "flutter" has 1 potential problem: 
WARN Appium   - Driver "flutter" (package `appium-flutter-driver`) may be incompatible with the current version of Appium (v2.0.0-beta.66) due to an invalid or missing peer dependency on Appium. Please ask the developer of `appium-flutter-driver` to add a peer dependency on `^appium@2.0.0-beta.66`.
WARN Appium Driver "espresso" has 1 potential problem: 
WARN Appium   - Driver "espresso" (package `appium-espresso-driver`) may be incompatible with the current version of Appium (v2.0.0-beta.66) due to an invalid or missing peer dependency on Appium. Please ask the developer of `appium-espresso-driver` to add a peer dependency on `^appium@2.0.0-beta.66`.
WARN Appium Driver "gecko" has 1 potential problem: 
WARN Appium   - Driver "gecko" (package `appium-geckodriver`) may be incompatible with the current version of Appium (v2.0.0-beta.66) due to an invalid or missing peer dependency on Appium. Please ask the developer of `appium-geckodriver` to add a peer dependency on `^appium@2.0.0-beta.66`.
WARN Appium Driver "mac2" has 1 potential problem: 
WARN Appium   - Driver "mac2" (package `appium-mac2-driver`) may be incompatible with the current version of Appium (v2.0.0-beta.66) due to an invalid or missing peer dependency on Appium. Please ask the developer of `appium-mac2-driver` to add a peer dependency on `^appium@2.0.0-beta.66`.
WARN Appium Driver "safari" has 1 potential problem: 
WARN Appium   - Driver "safari" (package `appium-safari-driver`) may be incompatible with the current version of Appium (v2.0.0-beta.66) due to an invalid or missing peer dependency on Appium. Please ask the developer of `appium-safari-driver` to add a peer dependency on `^appium@2.0.0-beta.66`.
WARN Appium Driver "xcuitest" has 1 potential problem: 
WARN Appium   - Driver "xcuitest" (package `appium-xcuitest-driver`) may be incompatible with the current version of Appium (v2.0.0-beta.66) due to an invalid or missing peer dependency on Appium. Please ask the developer of `appium-xcuitest-driver` to add a peer dependency on `^appium@2.0.0-beta.66`.
WARN Appium Driver "YouiEngine" has 1 potential problem: 
WARN Appium   - Driver "YouiEngine" (package `appium-youiengine-driver`) may be incompatible with the current version of Appium (v2.0.0-beta.66) due to an invalid or missing peer dependency on Appium. Please ask the developer of `appium-youiengine-driver` to add a peer dependency on `^appium@2.0.0-beta.66`.
WARN Appium Driver "windows" has 1 potential problem: 
WARN Appium   - Driver "windows" (package `appium-windows-driver`) may be incompatible with the current version of Appium (v2.0.0-beta.66) due to an invalid or missing peer dependency on Appium. Please ask the developer of `appium-windows-driver` to add a peer dependency on `^appium@2.0.0-beta.66`.
&amp#27;[35m[Appium]&amp#27;[39m Welcome to Appium v2.0.0-beta.66
&amp#27;[35m[Appium]&amp#27;[39m Non-default server args:
&amp#27;[35m[Appium]&amp#27;[39m { address: &amp#27;[32m'127.0.0.1'&amp#27;[39m }
&amp#27;[35m[Appium]&amp#27;[39m Attempting to load driver fake...
[debug] &amp#27;[35m[Appium]&amp#27;[39m Requiring driver at C:/Users/thoma/node_modules/appium-fake-driver
&amp#27;[35m[Appium]&amp#27;[39m Attempting to load driver flutter...
[debug] &amp#27;[35m[Appium]&amp#27;[39m Requiring driver at C:/Users/thoma/node_modules/appium-flutter-driver
&amp#27;[35m[Appium]&amp#27;[39m Attempting to load driver espresso...
[debug] &amp#27;[35m[Appium]&amp#27;[39m Requiring driver at C:/Users/thoma/node_modules/appium-espresso-driver
&amp#27;[35m[Appium]&amp#27;[39m Attempting to load driver gecko...
[debug] &amp#27;[35m[Appium]&amp#27;[39m Requiring driver at C:/Users/thoma/node_modules/appium-geckodriver
&amp#27;[35m[Appium]&amp#27;[39m Attempting to load driver mac2...
[debug] &amp#27;[35m[Appium]&amp#27;[39m Requiring driver at C:/Users/thoma/node_modules/appium-mac2-driver
&amp#27;[35m[Appium]&amp#27;[39m Attempting to load driver safari...
[debug] &amp#27;[35m[Appium]&amp#27;[39m Requiring driver at C:/Users/thoma/node_modules/appium-safari-driver
&amp#27;[35m[Appium]&amp#27;[39m Attempting to load driver uiautomator2...
[debug] &amp#27;[35m[Appium]&amp#27;[39m Requiring driver at C:/Users/thoma/node_modules/appium-uiautomator2-driver
reusing global emitter
&amp#27;[35m[Appium]&amp#27;[39m Attempting to load driver xcuitest...
[debug] &amp#27;[35m[Appium]&amp#27;[39m Requiring driver at C:/Users/thoma/node_modules/appium-xcuitest-driver
&amp#27;[35m[Appium]&amp#27;[39m Attempting to load driver YouiEngine...
[debug] &amp#27;[35m[Appium]&amp#27;[39m Requiring driver at C:/Users/thoma/node_modules/appium-youiengine-driver
&amp#27;[35m[Appium]&amp#27;[39m Attempting to load driver windows...
[debug] &amp#27;[35m[Appium]&amp#27;[39m Requiring driver at C:/Users/thoma/node_modules/appium-windows-driver
(node:24412) MaxListenersExceededWarning: Possible EventEmitter memory leak detected. 11 exit listeners added to [process]. Use emitter.setMaxListeners() to increase limit
(Use `node --trace-warnings ...` to show where the warning was created)
&amp#27;[35m[Appium]&amp#27;[39m Appium REST http interface listener started on 127.0.0.1:4723
&amp#27;[35m[Appium]&amp#27;[39m Available drivers:
&amp#27;[35m[Appium]&amp#27;[39m   - fake@1.0.2 (automationName 'Fake')
&amp#27;[35m[Appium]&amp#27;[39m   - flutter@0.0.36 (automationName 'Flutter')
&amp#27;[35m[Appium]&amp#27;[39m   - espresso@1.50.1 (automationName 'Espresso')
&amp#27;[35m[Appium]&amp#27;[39m   - gecko@0.3.3 (automationName 'Gecko')
&amp#27;[35m[Appium]&amp#27;[39m   - mac2@0.14.1 (automationName 'Mac2')
&amp#27;[35m[Appium]&amp#27;[39m   - safari@2.2.1 (automationName 'Safari')
&amp#27;[35m[Appium]&amp#27;[39m   - uiautomator2@2.23.0 (automationName 'UiAutomator2')
&amp#27;[35m[Appium]&amp#27;[39m   - xcuitest@3.62.0 (automationName 'XCUITest')
&amp#27;[35m[Appium]&amp#27;[39m   - YouiEngine@1.2.9 (automationName 'YouiEngine')
&amp#27;[35m[Appium]&amp#27;[39m   - windows@1.21.1 (automationName 'Windows')
&amp#27;[35m[Appium]&amp#27;[39m No plugins have been installed. Use the "appium plugin" command to install the one(s) you want to use.
&amp#27;[38;5;0m[HTTP]&amp#27;[0m &amp#27;[37m-->&amp#27;[39m &amp#27;[37mGET&amp#27;[39m &amp#27;[37m/status&amp#27;[39m
&amp#27;[38;5;0m[HTTP]&amp#27;[0m &amp#27;[90m{}&amp#27;[39m
[debug] &amp#27;[38;5;16m[AppiumDriver@5a7d]&amp#27;[0m Calling AppiumDriver.getStatus() with args: []
[debug] &amp#27;[38;5;16m[AppiumDriver@5a7d]&amp#27;[0m Responding to client with driver.getStatus() result: {"build":{"version":"2.0.0-beta.66"}}
&amp#27;[38;5;0m[HTTP]&amp#27;[0m &amp#27;[37m<-- GET /status &amp#27;[39m&amp#27;[32m200&amp#27;[39m &amp#27;[90m4 ms - 47&amp#27;[39m
&amp#27;[38;5;0m[HTTP]&amp#27;[0m &amp#27;[90m&amp#27;[39m
[debug] &amp#27;[38;5;0m[HTTP]&amp#27;[0m Request idempotency key: 3d4bb548-329e-4a9e-b140-4397e055085b
&amp#27;[38;5;0m[HTTP]&amp#27;[0m &amp#27;[37m-->&amp#27;[39m &amp#27;[37mPOST&amp#27;[39m &amp#27;[37m/session&amp#27;[39m
&amp#27;[38;5;0m[HTTP]&amp#27;[0m &amp#27;[90m{"capabilities":{"firstMatch":[{}],"alwaysMatch":{"appium:app":"C://Users//thoma//eclipse-workspace//MoCIMobileApp_Appcenter_Integration//app-development-debug-17-05.apk","appium:autoGrantPermissions":"true","appium:automationName":"UIAutomator2","appium:deviceName":"RF8TB0QC1TJ","appium:resetKeyboard":"true","appium:unicodeKeyboard":"false","platformName":"ANDROID"}}}&amp#27;[39m
[debug] &amp#27;[38;5;16m[AppiumDriver@5a7d]&amp#27;[0m Calling AppiumDriver.createSession() with args: [null,null,{"firstMatch":[{}],"alwaysMatch":{"appium:app":"C://Users//thoma//eclipse-workspace//MoCIMobileApp_Appcenter_Integration//app-development-debug-17-05.apk","appium:autoGrantPermissions":"true","appium:automationName":"UIAutomator2","appium:deviceName":"RF8TB0QC1TJ","appium:resetKeyboard":"true","appium:unicodeKeyboard":"false","platformName":"ANDROID"}}]
[debug] &amp#27;[38;5;16m[AppiumDriver@5a7d]&amp#27;[0m Event 'newSessionRequested' logged at 1684400767225 (12:06:07 GMT+0300 (Arabian Standard Time))
&amp#27;[35m[Appium]&amp#27;[39m Attempting to find matching driver for automationName 'UIAutomator2' and platformName 'ANDROID'
&amp#27;[35m[Appium]&amp#27;[39m The 'uiautomator2' driver was installed and matched caps.
&amp#27;[35m[Appium]&amp#27;[39m Will require it at C:/Users/thoma/node_modules/appium-uiautomator2-driver
[debug] &amp#27;[35m[Appium]&amp#27;[39m Requiring driver at C:/Users/thoma/node_modules/appium-uiautomator2-driver
&amp#27;[38;5;16m[AppiumDriver@5a7d]&amp#27;[0m Appium v2.0.0-beta.66 creating new AndroidUiautomator2Driver (v2.23.0) session
&amp#27;[38;5;16m[AppiumDriver@5a7d]&amp#27;[0m Checking BaseDriver versions for Appium and AndroidUiautomator2Driver
&amp#27;[38;5;16m[AppiumDriver@5a7d]&amp#27;[0m Appium's BaseDriver version is 9.3.7
&amp#27;[38;5;16m[AppiumDriver@5a7d]&amp#27;[0m AndroidUiautomator2Driver's BaseDriver version is 9.3.7
[debug] &amp#27;[38;5;32m[AndroidUiautomator2Driver@b967]&amp#27;[0m Creating session with W3C capabilities: {
[debug] &amp#27;[38;5;32m[AndroidUiautomator2Driver@b967]&amp#27;[0m   "alwaysMatch": {
[debug] &amp#27;[38;5;32m[AndroidUiautomator2Driver@b967]&amp#27;[0m     "platformName": "ANDROID",
[debug] &amp#27;[38;5;32m[AndroidUiautomator2Driver@b967]&amp#27;[0m     "appium:app": "C://Users//thoma//eclipse-workspace//MoCIMobileApp_Appcenter_Integration//app-development-debug-17-05.apk",
[debug] &amp#27;[38;5;32m[AndroidUiautomator2Driver@b967]&amp#27;[0m     "appium:autoGrantPermissions": "true",
[debug] &amp#27;[38;5;32m[AndroidUiautomator2Driver@b967]&amp#27;[0m     "appium:automationName": "UIAutomator2",
[debug] &amp#27;[38;5;32m[AndroidUiautomator2Driver@b967]&amp#27;[0m     "appium:deviceName": "RF8TB0QC1TJ",
[debug] &amp#27;[38;5;32m[AndroidUiautomator2Driver@b967]&amp#27;[0m     "appium:resetKeyboard": "true",
[debug] &amp#27;[38;5;32m[AndroidUiautomator2Driver@b967]&amp#27;[0m     "appium:unicodeKeyboard": "false"
[debug] &amp#27;[38;5;32m[AndroidUiautomator2Driver@b967]&amp#27;[0m   },
[debug] &amp#27;[38;5;32m[AndroidUiautomator2Driver@b967]&amp#27;[0m   "firstMatch": [
[debug] &amp#27;[38;5;32m[AndroidUiautomator2Driver@b967]&amp#27;[0m     {}
[debug] &amp#27;[38;5;32m[AndroidUiautomator2Driver@b967]&amp#27;[0m   ]
[debug] &amp#27;[38;5;32m[AndroidUiautomator2Driver@b967]&amp#27;[0m }
&amp#27;[38;5;32m[AndroidUiautomator2Driver@b967]&amp#27;[0m Capability 'unicodeKeyboard' changed from string to boolean. This may cause unexpected behavior
&amp#27;[38;5;32m[AndroidUiautomator2Driver@b967]&amp#27;[0m Capability 'resetKeyboard' changed from string to boolean. This may cause unexpected behavior
&amp#27;[38;5;32m[AndroidUiautomator2Driver@b967]&amp#27;[0m Capability 'autoGrantPermissions' changed from string to boolean. This may cause unexpected behavior
&amp#27;[38;5;32m[AndroidUiautomator2Driver@b967 (86e5ddc9)]&amp#27;[0m Session created with session id: 86e5ddc9-c3c1-4f08-9a9b-0c6b2a54d485
&amp#27;[38;5;48m[BaseDriver]&amp#27;[0m Using local app 'C://Users//thoma//eclipse-workspace//MoCIMobileApp_Appcenter_Integration//app-development-debug-17-05.apk'
[debug] &amp#27;[38;5;32m[AndroidUiautomator2Driver@b967 (86e5ddc9)]&amp#27;[0m Checking whether app is actually present
&amp#27;[38;5;64m[ADB]&amp#27;[0m Found 2 'build-tools' folders under 'C:\Users\thoma\AppData\Local\Android\Sdk' (newest first):
&amp#27;[38;5;64m[ADB]&amp#27;[0m     C:/Users/thoma/AppData/Local/Android/Sdk/build-tools/33.0.2
&amp#27;[38;5;64m[ADB]&amp#27;[0m     C:/Users/thoma/AppData/Local/Android/Sdk/build-tools/30.0.3
&amp#27;[38;5;64m[ADB]&amp#27;[0m Using 'adb.exe' from 'C:\Users\thoma\AppData\Local\Android\Sdk\platform-tools\adb.exe'
[debug] &amp#27;[38;5;64m[ADB]&amp#27;[0m Running 'C:\Users\thoma\AppData\Local\Android\Sdk\platform-tools\adb.exe -P 5037 start-server'
&amp#27;[38;5;80m[AndroidDriver]&amp#27;[0m Retrieving device list
[debug] &amp#27;[38;5;64m[ADB]&amp#27;[0m Trying to find a connected android device
[debug] &amp#27;[38;5;64m[ADB]&amp#27;[0m Getting connected devices
[debug] &amp#27;[38;5;64m[ADB]&amp#27;[0m No connected devices have been detected
[debug] &amp#27;[38;5;64m[ADB]&amp#27;[0m Could not find online devices
[debug] &amp#27;[38;5;64m[ADB]&amp#27;[0m Reconnecting adb (target offline)
[debug] &amp#27;[38;5;64m[ADB]&amp#27;[0m Running 'C:\Users\thoma\AppData\Local\Android\Sdk\platform-tools\adb.exe -P 5037 reconnect offline'
[debug] &amp#27;[38;5;64m[ADB]&amp#27;[0m Getting connected devices
[debug] &amp#27;[38;5;64m[ADB]&amp#27;[0m No connected devices have been detected
[debug] &amp#27;[38;5;64m[ADB]&amp#27;[0m Could not find online devices
[debug] &amp#27;[38;5;64m[ADB]&amp#27;[0m Reconnecting adb (target offline)
[debug] &amp#27;[38;5;64m[ADB]&amp#27;[0m Running 'C:\Users\thoma\AppData\Local\Android\Sdk\platform-tools\adb.exe -P 5037 reconnect offline'
[debug] &amp#27;[38;5;64m[ADB]&amp#27;[0m Getting connected devices
[debug] &amp#27;[38;5;64m[ADB]&amp#27;[0m No connected devices have been detected
[debug] &amp#27;[38;5;64m[ADB]&amp#27;[0m Could not find online devices
[debug] &amp#27;[38;5;64m[ADB]&amp#27;[0m Reconnecting adb (target offline)
[debug] &amp#27;[38;5;64m[ADB]&amp#27;[0m Running 'C:\Users\thoma\AppData\Local\Android\Sdk\platform-tools\adb.exe -P 5037 reconnect offline'
[debug] &amp#27;[38;5;64m[ADB]&amp#27;[0m Getting connected devices
[debug] &amp#27;[38;5;64m[ADB]&amp#27;[0m No connected devices have been detected
[debug] &amp#27;[38;5;64m[ADB]&amp#27;[0m Could not find online devices
[debug] &amp#27;[38;5;64m[ADB]&amp#27;[0m Reconnecting adb (target offline)
[debug] &amp#27;[38;5;64m[ADB]&amp#27;[0m Running 'C:\Users\thoma\AppData\Local\Android\Sdk\platform-tools\adb.exe -P 5037 reconnect offline'
[debug] &amp#27;[38;5;64m[ADB]&amp#27;[0m Getting connected devices
[debug] &amp#27;[38;5;64m[ADB]&amp#27;[0m No connected devices have been detected
[debug] &amp#27;[38;5;64m[ADB]&amp#27;[0m Could not find online devices
[debug] &amp#27;[38;5;64m[ADB]&amp#27;[0m Reconnecting adb (target offline)
[debug] &amp#27;[38;5;64m[ADB]&amp#27;[0m Running 'C:\Users\thoma\AppData\Local\Android\Sdk\platform-tools\adb.exe -P 5037 reconnect offline'
[debug] &amp#27;[38;5;64m[ADB]&amp#27;[0m Getting connected devices
[debug] &amp#27;[38;5;64m[ADB]&amp#27;[0m No connected devices have been detected
[debug] &amp#27;[38;5;64m[ADB]&amp#27;[0m Could not find online devices
[debug] &amp#27;[38;5;64m[ADB]&amp#27;[0m Reconnecting adb (target offline)
[debug] &amp#27;[38;5;64m[ADB]&amp#27;[0m Running 'C:\Users\thoma\AppData\Local\Android\Sdk\platform-tools\adb.exe -P 5037 reconnect offline'
[debug] &amp#27;[38;5;64m[ADB]&amp#27;[0m Getting connected devices
[debug] &amp#27;[38;5;64m[ADB]&amp#27;[0m Connected devices: [{"udid":"RF8TB0QC1TJ","state":"unauthorized"}]
&amp#27;[38;5;80m[AndroidDriver]&amp#27;[0m Using device: RF8TB0QC1TJ
&amp#27;[38;5;64m[ADB]&amp#27;[0m Using 'adb.exe' from 'C:\Users\thoma\AppData\Local\Android\Sdk\platform-tools\adb.exe'
[debug] &amp#27;[38;5;64m[ADB]&amp#27;[0m Running 'C:\Users\thoma\AppData\Local\Android\Sdk\platform-tools\adb.exe -P 5037 start-server'
[debug] &amp#27;[38;5;64m[ADB]&amp#27;[0m Setting device id to RF8TB0QC1TJ
[debug] &amp#27;[38;5;64m[ADB]&amp#27;[0m Running 'C:\Users\thoma\AppData\Local\Android\Sdk\platform-tools\adb.exe -P 5037 -s RF8TB0QC1TJ shell getprop ro.build.version.sdk'
[debug] &amp#27;[38;5;32m[AndroidUiautomator2Driver@b967 (86e5ddc9)]&amp#27;[0m Deleting UiAutomator2 session
[debug] &amp#27;[38;5;64m[ADB]&amp#27;[0m Running 'C:\Users\thoma\AppData\Local\Android\Sdk\platform-tools\adb.exe -P 5037 -s RF8TB0QC1TJ shell getprop ro.build.version.sdk'
[debug] &amp#27;[38;5;64m[ADB]&amp#27;[0m Running 'C:\Users\thoma\AppData\Local\Android\Sdk\platform-tools\adb.exe -P 5037 -s RF8TB0QC1TJ shell getprop ro.build.version.sdk'
[debug] &amp#27;[38;5;16m[AppiumDriver@5a7d]&amp#27;[0m Event 'newSessionStarted' logged at 1684400769116 (12:06:09 GMT+0300 (Arabian Standard Time))
[debug] &amp#27;[38;5;16m[AppiumDriver@5a7d]&amp#27;[0m Encountered internal error running command: Error: Error getting device API level. Original error: Error executing adbExec. Original error: 'Command 'C:\\Users\\thoma\\AppData\\Local\\Android\\Sdk\\platform-tools\\adb.exe -P 5037 -s RF8TB0QC1TJ shell getprop ro.build.version.sdk' exited with code 1'; Command output: adb.exe: device unauthorized.
[debug] &amp#27;[38;5;16m[AppiumDriver@5a7d]&amp#27;[0m This adb server's $ADB_VENDOR_KEYS is not set
[debug] &amp#27;[38;5;16m[AppiumDriver@5a7d]&amp#27;[0m Try 'adb kill-server' if that seems wrong.
[debug] &amp#27;[38;5;16m[AppiumDriver@5a7d]&amp#27;[0m Otherwise check for a confirmation dialog on your device.
[debug] &amp#27;[38;5;16m[AppiumDriver@5a7d]&amp#27;[0m 
[debug] &amp#27;[38;5;16m[AppiumDriver@5a7d]&amp#27;[0m     at ADB.getApiLevel (C:\Users\thoma\node_modules\appium-uiautomator2-driver\node_modules\appium-adb\lib\tools\adb-commands.js:159:13)
[debug] &amp#27;[38;5;16m[AppiumDriver@5a7d]&amp#27;[0m     at AndroidUiautomator2Driver.deleteSession (C:\Users\thoma\node_modules\appium-uiautomator2-driver\lib\driver.js:699:11)
[debug] &amp#27;[38;5;16m[AppiumDriver@5a7d]&amp#27;[0m     at AndroidUiautomator2Driver.createSession (C:\Users\thoma\node_modules\appium-uiautomator2-driver\lib\driver.js:249:7)
[debug] &amp#27;[38;5;16m[AppiumDriver@5a7d]&amp#27;[0m     at AppiumDriver.createSession (C:\Users\thoma\AppData\Roaming\npm\node_modules\appium\lib\appium.js:346:35)
&amp#27;[38;5;0m[HTTP]&amp#27;[0m &amp#27;[37m<-- POST /session &amp#27;[39m&amp#27;[31m500&amp#27;[39m &amp#27;[90m1922 ms - 1510&amp#27;[39m
&amp#27;[38;5;0m[HTTP]&amp#27;[0m &amp#27;[90m&amp#27;[39m
]]></system-out>
    <system-err><![CDATA[log4j:WARN No appenders could be found for logger (io.netty.util.internal.logging.InternalLoggerFactory).
log4j:WARN Please initialize the log4j system properly.
log4j:WARN See http://logging.apache.org/log4j/1.2/faq.html#noconfig for more info.
]]></system-err>
  </testcase>
  <testcase name="" classname="com.applab.test.MoCIMobileApp.testScripts.android.TestPopularServicesGuestUser" time="65.407">
    <error message="Cannot invoke &quot;com.microsoft.appcenter.appium.EnhancedAndroidDriver.label(String)&quot; because &quot;com.applab.test.MoCIMobileApp.testUtils.AndroidBaseClass.driver&quot; is null" type="java.lang.NullPointerException"><![CDATA[java.lang.NullPointerException: Cannot invoke "com.microsoft.appcenter.appium.EnhancedAndroidDriver.label(String)" because "com.applab.test.MoCIMobileApp.testUtils.AndroidBaseClass.driver" is null
	at com.applab.test.MoCIMobileApp.testUtils.AndroidBaseClass.tearDown(AndroidBaseClass.java:54)
	at java.base/jdk.internal.reflect.NativeMethodAccessorImpl.invoke0(Native Method)
	at java.base/jdk.internal.reflect.NativeMethodAccessorImpl.invoke(NativeMethodAccessorImpl.java:64)
	at java.base/jdk.internal.reflect.DelegatingMethodAccessorImpl.invoke(DelegatingMethodAccessorImpl.java:43)
	at java.base/java.lang.reflect.Method.invoke(Method.java:564)
	at org.junit.runners.model.FrameworkMethod$1.runReflectiveCall(FrameworkMethod.java:59)
	at org.junit.internal.runners.model.ReflectiveCallable.run(ReflectiveCallable.java:12)
	at org.junit.runners.model.FrameworkMethod.invokeExplosively(FrameworkMethod.java:56)
	at org.junit.internal.runners.statements.RunAfters.invokeMethod(RunAfters.java:46)
	at org.junit.internal.runners.statements.RunAfters.evaluate(RunAfters.java:33)
	at org.junit.runners.ParentRunner$3.evaluate(ParentRunner.java:306)
	at org.junit.runners.ParentRunner.run(ParentRunner.java:413)
	at org.junit.runners.Suite.runChild(Suite.java:128)
	at org.junit.runners.Suite.runChild(Suite.java:27)
	at org.junit.runners.ParentRunner$4.run(ParentRunner.java:331)
	at org.junit.runners.ParentRunner$1.schedule(ParentRunner.java:79)
	at org.junit.runners.ParentRunner.runChildren(ParentRunner.java:329)
	at org.junit.runners.ParentRunner.access$100(ParentRunner.java:66)
	at org.junit.runners.ParentRunner$2.evaluate(ParentRunner.java:293)
	at org.junit.runners.ParentRunner$3.evaluate(ParentRunner.java:306)
	at org.junit.runners.ParentRunner.run(ParentRunner.java:413)
	at org.apache.maven.surefire.junit4.JUnit4Provider.execute(JUnit4Provider.java:316)
	at org.apache.maven.surefire.junit4.JUnit4Provider.executeWithRerun(JUnit4Provider.java:240)
	at org.apache.maven.surefire.junit4.JUnit4Provider.executeTestSet(JUnit4Provider.java:214)
	at org.apache.maven.surefire.junit4.JUnit4Provider.invoke(JUnit4Provider.java:155)
	at org.apache.maven.surefire.booter.ForkedBooter.runSuitesInProcess(ForkedBooter.java:385)
	at org.apache.maven.surefire.booter.ForkedBooter.execute(ForkedBooter.java:162)
	at org.apache.maven.surefire.booter.ForkedBooter.run(ForkedBooter.java:507)
	at org.apache.maven.surefire.booter.ForkedBooter.main(ForkedBooter.java:495)
]]></error>
  </testcase>
  <testcase name="" classname="com.applab.test.MoCIMobileApp.testScripts.android.TestPopularServicesRegisteredUser" time="65.619">
    <error message="Could not start a new session. Response code 500. Message: An unknown server-side error occurred while processing the command. Original error: Error getting device API level. Original error: Error executing adbExec. Original error: &apos;Command &apos;C:\\Users\\thoma\\AppData\\Local\\Android\\Sdk\\platform-tools\\adb.exe -P 5037 -s RF8TB0QC1TJ shell getprop ro.build.version.sdk&apos; exited with code 1&apos;; Command output: adb.exe: device unauthorized.&#10;This adb server&apos;s $ADB_VENDOR_KEYS is not set&#10;Try &apos;adb kill-server&apos; if that seems wrong.&#10;Otherwise check for a confirmation dialog on your device.&#10; &#10;Host info: host: &apos;THOMAS&apos;, ip: &apos;192.168.1.244&apos;&#10;Build info: version: &apos;4.9.1&apos;, revision: &apos;eb2032df7f&apos;&#10;System info: os.name: &apos;Windows 10&apos;, os.arch: &apos;amd64&apos;, os.version: &apos;10.0&apos;, java.version: &apos;15.0.2&apos;&#10;Driver info: com.microsoft.appcenter.appium.EnhancedAndroidDriver&#10;Command: [null, newSession {capabilities=[{appium:app=C://Users//thoma//eclipse-workspace//MoCIMobileApp_Appcenter_Integration//app-development-debug-17-05.apk, appium:automationName=UIAutomator2, appium:autoGrantPermissions=true, appium:deviceName=RF8TB0QC1TJ, platformName=ANDROID, appium:resetKeyboard=true, appium:unicodeKeyboard=false}], desiredCapabilities=Capabilities {app: C://Users//thoma//eclipse-w..., appium:automationName: UIAutomator2, autoGrantPermissions: true, deviceName: RF8TB0QC1TJ, platformName: ANDROID, resetKeyboard: true, unicodeKeyboard: false}}]&#10;Capabilities {app: C://Users//thoma//eclipse-w..., appium:automationName: UIAutomator2, autoGrantPermissions: true, deviceName: RF8TB0QC1TJ, platformName: ANDROID, resetKeyboard: true, unicodeKeyboard: false}" type="org.openqa.selenium.SessionNotCreatedException"><![CDATA[org.openqa.selenium.SessionNotCreatedException: 
Could not start a new session. Response code 500. Message: An unknown server-side error occurred while processing the command. Original error: Error getting device API level. Original error: Error executing adbExec. Original error: 'Command 'C:\\Users\\thoma\\AppData\\Local\\Android\\Sdk\\platform-tools\\adb.exe -P 5037 -s RF8TB0QC1TJ shell getprop ro.build.version.sdk' exited with code 1'; Command output: adb.exe: device unauthorized.
This adb server's $ADB_VENDOR_KEYS is not set
Try 'adb kill-server' if that seems wrong.
Otherwise check for a confirmation dialog on your device.
 
Host info: host: 'THOMAS', ip: '192.168.1.244'
Build info: version: '4.9.1', revision: 'eb2032df7f'
System info: os.name: 'Windows 10', os.arch: 'amd64', os.version: '10.0', java.version: '15.0.2'
Driver info: com.microsoft.appcenter.appium.EnhancedAndroidDriver
Command: [null, newSession {capabilities=[{appium:app=C://Users//thoma//eclipse-workspace//MoCIMobileApp_Appcenter_Integration//app-development-debug-17-05.apk, appium:automationName=UIAutomator2, appium:autoGrantPermissions=true, appium:deviceName=RF8TB0QC1TJ, platformName=ANDROID, appium:resetKeyboard=true, appium:unicodeKeyboard=false}], desiredCapabilities=Capabilities {app: C://Users//thoma//eclipse-w..., appium:automationName: UIAutomator2, autoGrantPermissions: true, deviceName: RF8TB0QC1TJ, platformName: ANDROID, resetKeyboard: true, unicodeKeyboard: false}}]
Capabilities {app: C://Users//thoma//eclipse-w..., appium:automationName: UIAutomator2, autoGrantPermissions: true, deviceName: RF8TB0QC1TJ, platformName: ANDROID, resetKeyboard: true, unicodeKeyboard: false}
	at org.openqa.selenium.remote.ProtocolHandshake.createSession(ProtocolHandshake.java:136)
	at java.base/jdk.internal.reflect.NativeMethodAccessorImpl.invoke0(Native Method)
	at java.base/jdk.internal.reflect.NativeMethodAccessorImpl.invoke(NativeMethodAccessorImpl.java:64)
	at java.base/jdk.internal.reflect.DelegatingMethodAccessorImpl.invoke(DelegatingMethodAccessorImpl.java:43)
	at java.base/java.lang.reflect.Method.invoke(Method.java:564)
	at io.appium.java_client.remote.AppiumProtocolHandshake.createSession(AppiumProtocolHandshake.java:133)
	at io.appium.java_client.remote.AppiumProtocolHandshake.createSession(AppiumProtocolHandshake.java:102)
	at io.appium.java_client.remote.AppiumCommandExecutor.createSession(AppiumCommandExecutor.java:182)
	at io.appium.java_client.remote.AppiumCommandExecutor.execute(AppiumCommandExecutor.java:250)
	at org.openqa.selenium.remote.RemoteWebDriver.execute(RemoteWebDriver.java:543)
	at io.appium.java_client.AppiumDriver.startSession(AppiumDriver.java:274)
	at org.openqa.selenium.remote.RemoteWebDriver.<init>(RemoteWebDriver.java:157)
	at io.appium.java_client.AppiumDriver.<init>(AppiumDriver.java:89)
	at io.appium.java_client.AppiumDriver.<init>(AppiumDriver.java:101)
	at io.appium.java_client.android.AndroidDriver.<init>(AndroidDriver.java:113)
	at com.microsoft.appcenter.appium.EnhancedAndroidDriver.<init>(EnhancedAndroidDriver.java:17)
	at com.microsoft.appcenter.appium.LocalProvider.createAndroidDriver(LocalProvider.java:20)
	at com.microsoft.appcenter.appium.Factory.createAndroidDriver(Factory.java:51)
	at com.applab.test.MoCIMobileApp.testUtils.AndroidBaseClass.ConfigureAppium(AndroidBaseClass.java:42)
	at java.base/jdk.internal.reflect.NativeMethodAccessorImpl.invoke0(Native Method)
	at java.base/jdk.internal.reflect.NativeMethodAccessorImpl.invoke(NativeMethodAccessorImpl.java:64)
	at java.base/jdk.internal.reflect.DelegatingMethodAccessorImpl.invoke(DelegatingMethodAccessorImpl.java:43)
	at java.base/java.lang.reflect.Method.invoke(Method.java:564)
	at org.junit.runners.model.FrameworkMethod$1.runReflectiveCall(FrameworkMethod.java:59)
	at org.junit.internal.runners.model.ReflectiveCallable.run(ReflectiveCallable.java:12)
	at org.junit.runners.model.FrameworkMethod.invokeExplosively(FrameworkMethod.java:56)
	at org.junit.internal.runners.statements.RunBefores.invokeMethod(RunBefores.java:33)
	at org.junit.internal.runners.statements.RunBefores.evaluate(RunBefores.java:24)
	at org.junit.internal.runners.statements.RunAfters.evaluate(RunAfters.java:27)
	at org.junit.runners.ParentRunner$3.evaluate(ParentRunner.java:306)
	at org.junit.runners.ParentRunner.run(ParentRunner.java:413)
	at org.junit.runners.Suite.runChild(Suite.java:128)
	at org.junit.runners.Suite.runChild(Suite.java:27)
	at org.junit.runners.ParentRunner$4.run(ParentRunner.java:331)
	at org.junit.runners.ParentRunner$1.schedule(ParentRunner.java:79)
	at org.junit.runners.ParentRunner.runChildren(ParentRunner.java:329)
	at org.junit.runners.ParentRunner.access$100(ParentRunner.java:66)
	at org.junit.runners.ParentRunner$2.evaluate(ParentRunner.java:293)
	at org.junit.runners.ParentRunner$3.evaluate(ParentRunner.java:306)
	at org.junit.runners.ParentRunner.run(ParentRunner.java:413)
	at org.apache.maven.surefire.junit4.JUnit4Provider.execute(JUnit4Provider.java:316)
	at org.apache.maven.surefire.junit4.JUnit4Provider.executeWithRerun(JUnit4Provider.java:240)
	at org.apache.maven.surefire.junit4.JUnit4Provider.executeTestSet(JUnit4Provider.java:214)
	at org.apache.maven.surefire.junit4.JUnit4Provider.invoke(JUnit4Provider.java:155)
	at org.apache.maven.surefire.booter.ForkedBooter.runSuitesInProcess(ForkedBooter.java:385)
	at org.apache.maven.surefire.booter.ForkedBooter.execute(ForkedBooter.java:162)
	at org.apache.maven.surefire.booter.ForkedBooter.run(ForkedBooter.java:507)
	at org.apache.maven.surefire.booter.ForkedBooter.main(ForkedBooter.java:495)
]]></error>
    <system-out><![CDATA[&amp#27;[38;5;0m[HTTP]&amp#27;[0m &amp#27;[37m-->&amp#27;[39m &amp#27;[37mGET&amp#27;[39m &amp#27;[37m/status&amp#27;[39m
&amp#27;[38;5;0m[HTTP]&amp#27;[0m &amp#27;[90m{}&amp#27;[39m
[debug] &amp#27;[38;5;16m[AppiumDriver@5a7d]&amp#27;[0m Calling AppiumDriver.getStatus() with args: []
[debug] &amp#27;[38;5;16m[AppiumDriver@5a7d]&amp#27;[0m Responding to client with driver.getStatus() result: {"build":{"version":"2.0.0-beta.66"}}
&amp#27;[38;5;0m[HTTP]&amp#27;[0m &amp#27;[37m<-- GET /status &amp#27;[39m&amp#27;[32m200&amp#27;[39m &amp#27;[90m1 ms - 47&amp#27;[39m
&amp#27;[38;5;0m[HTTP]&amp#27;[0m &amp#27;[90m&amp#27;[39m
[debug] &amp#27;[38;5;0m[HTTP]&amp#27;[0m Request idempotency key: 0af7c06f-1edc-4175-9a49-9921829aed37
&amp#27;[38;5;0m[HTTP]&amp#27;[0m &amp#27;[37m-->&amp#27;[39m &amp#27;[37mPOST&amp#27;[39m &amp#27;[37m/session&amp#27;[39m
&amp#27;[38;5;0m[HTTP]&amp#27;[0m &amp#27;[90m{"capabilities":{"firstMatch":[{}],"alwaysMatch":{"appium:app":"C://Users//thoma//eclipse-workspace//MoCIMobileApp_Appcenter_Integration//app-development-debug-17-05.apk","appium:autoGrantPermissions":"true","appium:automationName":"UIAutomator2","appium:deviceName":"RF8TB0QC1TJ","appium:resetKeyboard":"true","appium:unicodeKeyboard":"false","platformName":"ANDROID"}}}&amp#27;[39m
[debug] &amp#27;[38;5;16m[AppiumDriver@5a7d]&amp#27;[0m Calling AppiumDriver.createSession() with args: [null,null,{"firstMatch":[{}],"alwaysMatch":{"appium:app":"C://Users//thoma//eclipse-workspace//MoCIMobileApp_Appcenter_Integration//app-development-debug-17-05.apk","appium:autoGrantPermissions":"true","appium:automationName":"UIAutomator2","appium:deviceName":"RF8TB0QC1TJ","appium:resetKeyboard":"true","appium:unicodeKeyboard":"false","platformName":"ANDROID"}}]
[debug] &amp#27;[38;5;16m[AppiumDriver@5a7d]&amp#27;[0m Event 'newSessionRequested' logged at 1684400769237 (12:06:09 GMT+0300 (Arabian Standard Time))
&amp#27;[35m[Appium]&amp#27;[39m Attempting to find matching driver for automationName 'UIAutomator2' and platformName 'ANDROID'
&amp#27;[35m[Appium]&amp#27;[39m The 'uiautomator2' driver was installed and matched caps.
&amp#27;[35m[Appium]&amp#27;[39m Will require it at C:/Users/thoma/node_modules/appium-uiautomator2-driver
[debug] &amp#27;[35m[Appium]&amp#27;[39m Requiring driver at C:/Users/thoma/node_modules/appium-uiautomator2-driver
&amp#27;[38;5;16m[AppiumDriver@5a7d]&amp#27;[0m Appium v2.0.0-beta.66 creating new AndroidUiautomator2Driver (v2.23.0) session
&amp#27;[38;5;16m[AppiumDriver@5a7d]&amp#27;[0m Checking BaseDriver versions for Appium and AndroidUiautomator2Driver
&amp#27;[38;5;16m[AppiumDriver@5a7d]&amp#27;[0m Appium's BaseDriver version is 9.3.7
&amp#27;[38;5;16m[AppiumDriver@5a7d]&amp#27;[0m AndroidUiautomator2Driver's BaseDriver version is 9.3.7
[debug] &amp#27;[38;5;32m[AndroidUiautomator2Driver@fd05]&amp#27;[0m Creating session with W3C capabilities: {
[debug] &amp#27;[38;5;32m[AndroidUiautomator2Driver@fd05]&amp#27;[0m   "alwaysMatch": {
[debug] &amp#27;[38;5;32m[AndroidUiautomator2Driver@fd05]&amp#27;[0m     "platformName": "ANDROID",
[debug] &amp#27;[38;5;32m[AndroidUiautomator2Driver@fd05]&amp#27;[0m     "appium:app": "C://Users//thoma//eclipse-workspace//MoCIMobileApp_Appcenter_Integration//app-development-debug-17-05.apk",
[debug] &amp#27;[38;5;32m[AndroidUiautomator2Driver@fd05]&amp#27;[0m     "appium:autoGrantPermissions": "true",
[debug] &amp#27;[38;5;32m[AndroidUiautomator2Driver@fd05]&amp#27;[0m     "appium:automationName": "UIAutomator2",
[debug] &amp#27;[38;5;32m[AndroidUiautomator2Driver@fd05]&amp#27;[0m     "appium:deviceName": "RF8TB0QC1TJ",
[debug] &amp#27;[38;5;32m[AndroidUiautomator2Driver@fd05]&amp#27;[0m     "appium:resetKeyboard": "true",
[debug] &amp#27;[38;5;32m[AndroidUiautomator2Driver@fd05]&amp#27;[0m     "appium:unicodeKeyboard": "false"
[debug] &amp#27;[38;5;32m[AndroidUiautomator2Driver@fd05]&amp#27;[0m   },
[debug] &amp#27;[38;5;32m[AndroidUiautomator2Driver@fd05]&amp#27;[0m   "firstMatch": [
[debug] &amp#27;[38;5;32m[AndroidUiautomator2Driver@fd05]&amp#27;[0m     {}
[debug] &amp#27;[38;5;32m[AndroidUiautomator2Driver@fd05]&amp#27;[0m   ]
[debug] &amp#27;[38;5;32m[AndroidUiautomator2Driver@fd05]&amp#27;[0m }
&amp#27;[38;5;32m[AndroidUiautomator2Driver@fd05]&amp#27;[0m Capability 'unicodeKeyboard' changed from string to boolean. This may cause unexpected behavior
&amp#27;[38;5;32m[AndroidUiautomator2Driver@fd05]&amp#27;[0m Capability 'resetKeyboard' changed from string to boolean. This may cause unexpected behavior
&amp#27;[38;5;32m[AndroidUiautomator2Driver@fd05]&amp#27;[0m Capability 'autoGrantPermissions' changed from string to boolean. This may cause unexpected behavior
&amp#27;[38;5;32m[AndroidUiautomator2Driver@fd05 (69a9c005)]&amp#27;[0m Session created with session id: 69a9c005-1830-457b-8933-34e657b49193
&amp#27;[38;5;48m[BaseDriver]&amp#27;[0m Using local app 'C://Users//thoma//eclipse-workspace//MoCIMobileApp_Appcenter_Integration//app-development-debug-17-05.apk'
[debug] &amp#27;[38;5;32m[AndroidUiautomator2Driver@fd05 (69a9c005)]&amp#27;[0m Checking whether app is actually present
&amp#27;[38;5;64m[ADB]&amp#27;[0m Using 'adb.exe' from 'C:\Users\thoma\AppData\Local\Android\Sdk\platform-tools\adb.exe'
[debug] &amp#27;[38;5;64m[ADB]&amp#27;[0m Running 'C:\Users\thoma\AppData\Local\Android\Sdk\platform-tools\adb.exe -P 5037 start-server'
&amp#27;[38;5;80m[AndroidDriver]&amp#27;[0m Retrieving device list
[debug] &amp#27;[38;5;64m[ADB]&amp#27;[0m Trying to find a connected android device
[debug] &amp#27;[38;5;64m[ADB]&amp#27;[0m Getting connected devices
[debug] &amp#27;[38;5;64m[ADB]&amp#27;[0m Connected devices: [{"udid":"RF8TB0QC1TJ","state":"unauthorized"}]
&amp#27;[38;5;80m[AndroidDriver]&amp#27;[0m Using device: RF8TB0QC1TJ
&amp#27;[38;5;64m[ADB]&amp#27;[0m Using 'adb.exe' from 'C:\Users\thoma\AppData\Local\Android\Sdk\platform-tools\adb.exe'
[debug] &amp#27;[38;5;64m[ADB]&amp#27;[0m Running 'C:\Users\thoma\AppData\Local\Android\Sdk\platform-tools\adb.exe -P 5037 start-server'
[debug] &amp#27;[38;5;64m[ADB]&amp#27;[0m Setting device id to RF8TB0QC1TJ
[debug] &amp#27;[38;5;64m[ADB]&amp#27;[0m Running 'C:\Users\thoma\AppData\Local\Android\Sdk\platform-tools\adb.exe -P 5037 -s RF8TB0QC1TJ shell getprop ro.build.version.sdk'
[debug] &amp#27;[38;5;32m[AndroidUiautomator2Driver@fd05 (69a9c005)]&amp#27;[0m Deleting UiAutomator2 session
[debug] &amp#27;[38;5;64m[ADB]&amp#27;[0m Running 'C:\Users\thoma\AppData\Local\Android\Sdk\platform-tools\adb.exe -P 5037 -s RF8TB0QC1TJ shell getprop ro.build.version.sdk'
[debug] &amp#27;[38;5;64m[ADB]&amp#27;[0m Running 'C:\Users\thoma\AppData\Local\Android\Sdk\platform-tools\adb.exe -P 5037 -s RF8TB0QC1TJ shell getprop ro.build.version.sdk'
[debug] &amp#27;[38;5;16m[AppiumDriver@5a7d]&amp#27;[0m Event 'newSessionStarted' logged at 1684400769427 (12:06:09 GMT+0300 (Arabian Standard Time))
[debug] &amp#27;[38;5;16m[AppiumDriver@5a7d]&amp#27;[0m Encountered internal error running command: Error: Error getting device API level. Original error: Error executing adbExec. Original error: 'Command 'C:\\Users\\thoma\\AppData\\Local\\Android\\Sdk\\platform-tools\\adb.exe -P 5037 -s RF8TB0QC1TJ shell getprop ro.build.version.sdk' exited with code 1'; Command output: adb.exe: device unauthorized.
[debug] &amp#27;[38;5;16m[AppiumDriver@5a7d]&amp#27;[0m This adb server's $ADB_VENDOR_KEYS is not set
[debug] &amp#27;[38;5;16m[AppiumDriver@5a7d]&amp#27;[0m Try 'adb kill-server' if that seems wrong.
[debug] &amp#27;[38;5;16m[AppiumDriver@5a7d]&amp#27;[0m Otherwise check for a confirmation dialog on your device.
[debug] &amp#27;[38;5;16m[AppiumDriver@5a7d]&amp#27;[0m 
[debug] &amp#27;[38;5;16m[AppiumDriver@5a7d]&amp#27;[0m     at ADB.getApiLevel (C:\Users\thoma\node_modules\appium-uiautomator2-driver\node_modules\appium-adb\lib\tools\adb-commands.js:159:13)
[debug] &amp#27;[38;5;16m[AppiumDriver@5a7d]&amp#27;[0m     at AndroidUiautomator2Driver.deleteSession (C:\Users\thoma\node_modules\appium-uiautomator2-driver\lib\driver.js:699:11)
[debug] &amp#27;[38;5;16m[AppiumDriver@5a7d]&amp#27;[0m     at AndroidUiautomator2Driver.createSession (C:\Users\thoma\node_modules\appium-uiautomator2-driver\lib\driver.js:249:7)
[debug] &amp#27;[38;5;16m[AppiumDriver@5a7d]&amp#27;[0m     at AppiumDriver.createSession (C:\Users\thoma\AppData\Roaming\npm\node_modules\appium\lib\appium.js:346:35)
&amp#27;[38;5;0m[HTTP]&amp#27;[0m &amp#27;[37m<-- POST /session &amp#27;[39m&amp#27;[31m500&amp#27;[39m &amp#27;[90m192 ms - 1510&amp#27;[39m
&amp#27;[38;5;0m[HTTP]&amp#27;[0m &amp#27;[90m&amp#27;[39m
]]></system-out>
  </testcase>
  <testcase name="" classname="com.applab.test.MoCIMobileApp.testScripts.android.TestPopularServicesRegisteredUser" time="65.62">
    <error message="Cannot invoke &quot;com.microsoft.appcenter.appium.EnhancedAndroidDriver.label(String)&quot; because &quot;com.applab.test.MoCIMobileApp.testUtils.AndroidBaseClass.driver&quot; is null" type="java.lang.NullPointerException"><![CDATA[java.lang.NullPointerException: Cannot invoke "com.microsoft.appcenter.appium.EnhancedAndroidDriver.label(String)" because "com.applab.test.MoCIMobileApp.testUtils.AndroidBaseClass.driver" is null
	at com.applab.test.MoCIMobileApp.testUtils.AndroidBaseClass.tearDown(AndroidBaseClass.java:54)
	at java.base/jdk.internal.reflect.NativeMethodAccessorImpl.invoke0(Native Method)
	at java.base/jdk.internal.reflect.NativeMethodAccessorImpl.invoke(NativeMethodAccessorImpl.java:64)
	at java.base/jdk.internal.reflect.DelegatingMethodAccessorImpl.invoke(DelegatingMethodAccessorImpl.java:43)
	at java.base/java.lang.reflect.Method.invoke(Method.java:564)
	at org.junit.runners.model.FrameworkMethod$1.runReflectiveCall(FrameworkMethod.java:59)
	at org.junit.internal.runners.model.ReflectiveCallable.run(ReflectiveCallable.java:12)
	at org.junit.runners.model.FrameworkMethod.invokeExplosively(FrameworkMethod.java:56)
	at org.junit.internal.runners.statements.RunAfters.invokeMethod(RunAfters.java:46)
	at org.junit.internal.runners.statements.RunAfters.evaluate(RunAfters.java:33)
	at org.junit.runners.ParentRunner$3.evaluate(ParentRunner.java:306)
	at org.junit.runners.ParentRunner.run(ParentRunner.java:413)
	at org.junit.runners.Suite.runChild(Suite.java:128)
	at org.junit.runners.Suite.runChild(Suite.java:27)
	at org.junit.runners.ParentRunner$4.run(ParentRunner.java:331)
	at org.junit.runners.ParentRunner$1.schedule(ParentRunner.java:79)
	at org.junit.runners.ParentRunner.runChildren(ParentRunner.java:329)
	at org.junit.runners.ParentRunner.access$100(ParentRunner.java:66)
	at org.junit.runners.ParentRunner$2.evaluate(ParentRunner.java:293)
	at org.junit.runners.ParentRunner$3.evaluate(ParentRunner.java:306)
	at org.junit.runners.ParentRunner.run(ParentRunner.java:413)
	at org.apache.maven.surefire.junit4.JUnit4Provider.execute(JUnit4Provider.java:316)
	at org.apache.maven.surefire.junit4.JUnit4Provider.executeWithRerun(JUnit4Provider.java:240)
	at org.apache.maven.surefire.junit4.JUnit4Provider.executeTestSet(JUnit4Provider.java:214)
	at org.apache.maven.surefire.junit4.JUnit4Provider.invoke(JUnit4Provider.java:155)
	at org.apache.maven.surefire.booter.ForkedBooter.runSuitesInProcess(ForkedBooter.java:385)
	at org.apache.maven.surefire.booter.ForkedBooter.execute(ForkedBooter.java:162)
	at org.apache.maven.surefire.booter.ForkedBooter.run(ForkedBooter.java:507)
	at org.apache.maven.surefire.booter.ForkedBooter.main(ForkedBooter.java:495)
]]></error>
  </testcase>
</testsuite>